25-05-26 10:25:51.916 [main] INFO  n.p.JournalApp.JournalAppApplication - Starting JournalAppApplication using Java 17.0.7 with PID 21040 (C:\Users\ZMI4\Downloads\JournalApp\JournalApp\target\classes started by ZMI4 in C:\Users\ZMI4\Downloads\JournalApp\JournalApp) 
25-05-26 10:25:51.941 [main] INFO  n.p.JournalApp.JournalAppApplication - No active profile set, falling back to 1 default profile: "default" 
25-05-26 10:25:54.523 [main] INFO  o.s.b.w.e.tomcat.TomcatWebServer - Tomcat initialized with port 8080 (http) 
25-05-26 10:25:54.541 [main] INFO  o.a.coyote.http11.Http11NioProtocol - Initializing ProtocolHandler ["http-nio-8080"] 
25-05-26 10:25:54.545 [main] INFO  o.a.catalina.core.StandardService - Starting service [Tomcat] 
25-05-26 10:25:54.545 [main] INFO  o.a.catalina.core.StandardEngine - Starting Servlet engine: [Apache Tomcat/10.1.39] 
25-05-26 10:25:54.654 [main] INFO  o.a.c.c.C.[Tomcat].[localhost].[/] - Initializing Spring embedded WebApplicationContext 
25-05-26 10:25:54.655 [main] INFO  o.s.b.w.s.c.ServletWebServerApplicationContext - Root WebApplicationContext: initialization completed in 2538 ms 
25-05-26 10:25:54.682 [main] ERROR o.s.b.w.e.tomcat.TomcatStarter - Error starting Tomcat context. Exception: org.springframework.beans.factory.UnsatisfiedDependencyException. Message: Error creating bean with name 'jwtFilter': Unsatisfied dependency expressed through field 'userDetailsService': Error creating bean with name 'userDetailsServiceImpl': Unsatisfied dependency expressed through field 'userRepository': No qualifying bean of type 'net.practice.JournalApp.repository.UserRepository' available: expected at least 1 bean which qualifies as autowire candidate. Dependency annotations: {@org.springframework.beans.factory.annotation.Autowired(required=true)} 
25-05-26 10:25:54.719 [main] INFO  o.a.catalina.core.StandardService - Stopping service [Tomcat] 
25-05-26 10:25:54.728 [main] WARN  o.s.b.w.s.c.AnnotationConfigServletWebServerApplicationContext - Exception encountered during context initialization - cancelling refresh attempt: org.springframework.context.ApplicationContextException: Unable to start web server 
25-05-26 10:25:54.755 [main] INFO  o.s.b.a.l.ConditionEvaluationReportLogger - 

Error starting ApplicationContext. To display the condition evaluation report re-run your application with 'debug' enabled. 
25-05-26 10:25:54.798 [main] ERROR o.s.b.d.LoggingFailureAnalysisReporter - 

***************************
APPLICATION FAILED TO START
***************************

Description:

Field userRepository in net.practice.JournalApp.service.UserDetailsServiceImpl required a bean of type 'net.practice.JournalApp.repository.UserRepository' that could not be found.

The injection point has the following annotations:
	- @org.springframework.beans.factory.annotation.Autowired(required=true)


Action:

Consider defining a bean of type 'net.practice.JournalApp.repository.UserRepository' in your configuration.
 
