25-05-27 10:14:28.731 [cluster-ClusterId{value='6834993d5f185e14193a0590', description='Cluster0'}-ac-svicr6k-shard-00-00.cal3yrd.mongodb.net:27017] INFO  org.mongodb.driver.cluster - Exception in monitor thread while connecting to server ac-svicr6k-shard-00-00.cal3yrd.mongodb.net:27017 
com.mongodb.MongoSocketReadException: Exception receiving message
	at com.mongodb.internal.connection.InternalStreamConnection.translateReadException(InternalStreamConnection.java:814)
	at com.mongodb.internal.connection.InternalStreamConnection.receiveResponseBuffers(InternalStreamConnection.java:862)
	at com.mongodb.internal.connection.InternalStreamConnection.receiveCommandMessageResponse(InternalStreamConnection.java:517)
	at com.mongodb.internal.connection.InternalStreamConnection.receive(InternalStreamConnection.java:469)
	at com.mongodb.internal.connection.DefaultServerMonitor$ServerMonitor.lookupServerDescription(DefaultServerMonitor.java:249)
	at com.mongodb.internal.connection.DefaultServerMonitor$ServerMonitor.run(DefaultServerMonitor.java:176)
Caused by: java.net.SocketException: Connection reset
	at java.base/sun.nio.ch.NioSocketImpl.implRead(NioSocketImpl.java:323)
	at java.base/sun.nio.ch.NioSocketImpl.read(NioSocketImpl.java:350)
	at java.base/sun.nio.ch.NioSocketImpl$1.read(NioSocketImpl.java:803)
	at java.base/java.net.Socket$SocketInputStream.read(Socket.java:966)
	at java.base/sun.security.ssl.SSLSocketInputRecord.read(SSLSocketInputRecord.java:484)
	at java.base/sun.security.ssl.SSLSocketInputRecord.readHeader(SSLSocketInputRecord.java:478)
	at java.base/sun.security.ssl.SSLSocketInputRecord.bytesInCompletePacket(SSLSocketInputRecord.java:70)
	at java.base/sun.security.ssl.SSLSocketImpl.readApplicationRecord(SSLSocketImpl.java:1465)
	at java.base/sun.security.ssl.SSLSocketImpl$AppInputStream.read(SSLSocketImpl.java:1069)
	at com.mongodb.internal.connection.SocketStream.read(SocketStream.java:182)
	at com.mongodb.internal.connection.InternalStreamConnection.receiveResponseBuffers(InternalStreamConnection.java:829)
	... 4 common frames omitted
25-05-27 10:14:28.731 [cluster-ClusterId{value='6834993d5f185e14193a0590', description='Cluster0'}-ac-svicr6k-shard-00-01.cal3yrd.mongodb.net:27017] INFO  org.mongodb.driver.cluster - Exception in monitor thread while connecting to server ac-svicr6k-shard-00-01.cal3yrd.mongodb.net:27017 
com.mongodb.MongoSocketReadException: Exception receiving message
	at com.mongodb.internal.connection.InternalStreamConnection.translateReadException(InternalStreamConnection.java:814)
	at com.mongodb.internal.connection.InternalStreamConnection.receiveResponseBuffers(InternalStreamConnection.java:862)
	at com.mongodb.internal.connection.InternalStreamConnection.receiveCommandMessageResponse(InternalStreamConnection.java:517)
	at com.mongodb.internal.connection.InternalStreamConnection.receive(InternalStreamConnection.java:469)
	at com.mongodb.internal.connection.DefaultServerMonitor$ServerMonitor.lookupServerDescription(DefaultServerMonitor.java:249)
	at com.mongodb.internal.connection.DefaultServerMonitor$ServerMonitor.run(DefaultServerMonitor.java:176)
Caused by: java.net.SocketException: Connection reset
	at java.base/sun.nio.ch.NioSocketImpl.implRead(NioSocketImpl.java:323)
	at java.base/sun.nio.ch.NioSocketImpl.read(NioSocketImpl.java:350)
	at java.base/sun.nio.ch.NioSocketImpl$1.read(NioSocketImpl.java:803)
	at java.base/java.net.Socket$SocketInputStream.read(Socket.java:966)
	at java.base/sun.security.ssl.SSLSocketInputRecord.read(SSLSocketInputRecord.java:484)
	at java.base/sun.security.ssl.SSLSocketInputRecord.readHeader(SSLSocketInputRecord.java:478)
	at java.base/sun.security.ssl.SSLSocketInputRecord.bytesInCompletePacket(SSLSocketInputRecord.java:70)
	at java.base/sun.security.ssl.SSLSocketImpl.readApplicationRecord(SSLSocketImpl.java:1465)
	at java.base/sun.security.ssl.SSLSocketImpl$AppInputStream.read(SSLSocketImpl.java:1069)
	at com.mongodb.internal.connection.SocketStream.read(SocketStream.java:182)
	at com.mongodb.internal.connection.InternalStreamConnection.receiveResponseBuffers(InternalStreamConnection.java:829)
	... 4 common frames omitted
25-05-27 10:14:28.734 [cluster-ClusterId{value='6834993d5f185e14193a0590', description='Cluster0'}-ac-svicr6k-shard-00-02.cal3yrd.mongodb.net:27017] INFO  org.mongodb.driver.cluster - Exception in monitor thread while connecting to server ac-svicr6k-shard-00-02.cal3yrd.mongodb.net:27017 
com.mongodb.MongoSocketReadException: Exception receiving message
	at com.mongodb.internal.connection.InternalStreamConnection.translateReadException(InternalStreamConnection.java:814)
	at com.mongodb.internal.connection.InternalStreamConnection.receiveResponseBuffers(InternalStreamConnection.java:862)
	at com.mongodb.internal.connection.InternalStreamConnection.receiveCommandMessageResponse(InternalStreamConnection.java:517)
	at com.mongodb.internal.connection.InternalStreamConnection.receive(InternalStreamConnection.java:469)
	at com.mongodb.internal.connection.DefaultServerMonitor$ServerMonitor.lookupServerDescription(DefaultServerMonitor.java:249)
	at com.mongodb.internal.connection.DefaultServerMonitor$ServerMonitor.run(DefaultServerMonitor.java:176)
Caused by: java.net.SocketException: Connection reset
	at java.base/sun.nio.ch.NioSocketImpl.implRead(NioSocketImpl.java:323)
	at java.base/sun.nio.ch.NioSocketImpl.read(NioSocketImpl.java:350)
	at java.base/sun.nio.ch.NioSocketImpl$1.read(NioSocketImpl.java:803)
	at java.base/java.net.Socket$SocketInputStream.read(Socket.java:966)
	at java.base/sun.security.ssl.SSLSocketInputRecord.read(SSLSocketInputRecord.java:484)
	at java.base/sun.security.ssl.SSLSocketInputRecord.readHeader(SSLSocketInputRecord.java:478)
	at java.base/sun.security.ssl.SSLSocketInputRecord.bytesInCompletePacket(SSLSocketInputRecord.java:70)
	at java.base/sun.security.ssl.SSLSocketImpl.readApplicationRecord(SSLSocketImpl.java:1465)
	at java.base/sun.security.ssl.SSLSocketImpl$AppInputStream.read(SSLSocketImpl.java:1069)
	at com.mongodb.internal.connection.SocketStream.read(SocketStream.java:182)
	at com.mongodb.internal.connection.InternalStreamConnection.receiveResponseBuffers(InternalStreamConnection.java:829)
	... 4 common frames omitted
25-05-27 10:14:29.494 [cluster-ClusterId{value='6834993d5f185e14193a0590', description='Cluster0'}-ac-svicr6k-shard-00-00.cal3yrd.mongodb.net:27017] INFO  org.mongodb.driver.cluster - Monitor thread successfully connected to server with description ServerDescription{address=ac-svicr6k-shard-00-00.cal3yrd.mongodb.net:27017, type=REPLICA_SET_SECONDARY, cryptd=false, state=CONNECTED, ok=true, minWireVersion=0, maxWireVersion=25, maxDocumentSize=16777216, logicalSessionTimeoutMinutes=30, roundTripTimeNanos=101018300, minRoundTripTimeNanos=0, setName='atlas-3n5pb0-shard-0', canonicalAddress=ac-svicr6k-shard-00-00.cal3yrd.mongodb.net:27017, hosts=[ac-svicr6k-shard-00-02.cal3yrd.mongodb.net:27017, ac-svicr6k-shard-00-01.cal3yrd.mongodb.net:27017, ac-svicr6k-shard-00-00.cal3yrd.mongodb.net:27017], passives=[], arbiters=[], primary='ac-svicr6k-shard-00-02.cal3yrd.mongodb.net:27017', tagSet=TagSet{[Tag{name='availabilityZone', value='aps1-az1'}, Tag{name='diskState', value='READY'}, Tag{name='nodeType', value='ELECTABLE'}, Tag{name='provider', value='AWS'}, Tag{name='region', value='AP_SOUTH_1'}, Tag{name='workloadType', value='OPERATIONAL'}]}, electionId=null, setVersion=254, topologyVersion=TopologyVersion{processId=682ec36f5ef24b6df074288f, counter=5}, lastWriteDate=Tue May 27 10:14:29 IST 2025, lastUpdateTimeNanos=89485711181700} 
25-05-27 10:14:29.517 [cluster-ClusterId{value='6834993d5f185e14193a0590', description='Cluster0'}-ac-svicr6k-shard-00-02.cal3yrd.mongodb.net:27017] INFO  org.mongodb.driver.cluster - Monitor thread successfully connected to server with description ServerDescription{address=ac-svicr6k-shard-00-02.cal3yrd.mongodb.net:27017, type=REPLICA_SET_PRIMARY, cryptd=false, state=CONNECTED, ok=true, minWireVersion=0, maxWireVersion=25, maxDocumentSize=16777216, logicalSessionTimeoutMinutes=30, roundTripTimeNanos=108185900, minRoundTripTimeNanos=0, setName='atlas-3n5pb0-shard-0', canonicalAddress=ac-svicr6k-shard-00-02.cal3yrd.mongodb.net:27017, hosts=[ac-svicr6k-shard-00-02.cal3yrd.mongodb.net:27017, ac-svicr6k-shard-00-01.cal3yrd.mongodb.net:27017, ac-svicr6k-shard-00-00.cal3yrd.mongodb.net:27017], passives=[], arbiters=[], primary='ac-svicr6k-shard-00-02.cal3yrd.mongodb.net:27017', tagSet=TagSet{[Tag{name='availabilityZone', value='aps1-az2'}, Tag{name='diskState', value='READY'}, Tag{name='nodeType', value='ELECTABLE'}, Tag{name='provider', value='AWS'}, Tag{name='region', value='AP_SOUTH_1'}, Tag{name='workloadType', value='OPERATIONAL'}]}, electionId=7fffffff0000000000000117, setVersion=254, topologyVersion=TopologyVersion{processId=682ec25c6d5b87f14694bad0, counter=9}, lastWriteDate=Tue May 27 10:14:29 IST 2025, lastUpdateTimeNanos=89485734420000} 
25-05-27 10:14:29.518 [cluster-ClusterId{value='6834993d5f185e14193a0590', description='Cluster0'}-ac-svicr6k-shard-00-02.cal3yrd.mongodb.net:27017] INFO  org.mongodb.driver.cluster - Discovered replica set primary ac-svicr6k-shard-00-02.cal3yrd.mongodb.net:27017 with max election id 7fffffff0000000000000117 and max set version 254 
25-05-27 10:14:29.595 [cluster-ClusterId{value='6834993d5f185e14193a0590', description='Cluster0'}-ac-svicr6k-shard-00-01.cal3yrd.mongodb.net:27017] INFO  org.mongodb.driver.cluster - Monitor thread successfully connected to server with description ServerDescription{address=ac-svicr6k-shard-00-01.cal3yrd.mongodb.net:27017, type=REPLICA_SET_SECONDARY, cryptd=false, state=CONNECTED, ok=true, minWireVersion=0, maxWireVersion=25, maxDocumentSize=16777216, logicalSessionTimeoutMinutes=30, roundTripTimeNanos=123568600, minRoundTripTimeNanos=0, setName='atlas-3n5pb0-shard-0', canonicalAddress=ac-svicr6k-shard-00-01.cal3yrd.mongodb.net:27017, hosts=[ac-svicr6k-shard-00-02.cal3yrd.mongodb.net:27017, ac-svicr6k-shard-00-01.cal3yrd.mongodb.net:27017, ac-svicr6k-shard-00-00.cal3yrd.mongodb.net:27017], passives=[], arbiters=[], primary='ac-svicr6k-shard-00-02.cal3yrd.mongodb.net:27017', tagSet=TagSet{[Tag{name='availabilityZone', value='aps1-az3'}, Tag{name='diskState', value='READY'}, Tag{name='nodeType', value='ELECTABLE'}, Tag{name='provider', value='AWS'}, Tag{name='region', value='AP_SOUTH_1'}, Tag{name='workloadType', value='OPERATIONAL'}]}, electionId=null, setVersion=254, topologyVersion=TopologyVersion{processId=682ec483c256fd768fd44b21, counter=5}, lastWriteDate=Tue May 27 10:14:29 IST 2025, lastUpdateTimeNanos=89485809044400} 
